Calculating task graph as configuration cache cannot be reused because system property 'stderr.encoding' has changed.
> Task :common-lib:processResources NO-SOURCE
> Task :payment-service:processResources UP-TO-DATE
> Task :common-lib:compileJava UP-TO-DATE
> Task :common-lib:classes UP-TO-DATE
> Task :common-lib:jar UP-TO-DATE
> Task :payment-service:compileJava UP-TO-DATE
> Task :payment-service:classes UP-TO-DATE
> Task :payment-service:resolveMainClassName UP-TO-DATE

> Task :payment-service:bootRun

  .   ____          _            __ _ _
 /\\ / ___'_ __ _ _(_)_ __  __ _ \ \ \ \
( ( )\___ | '_ | '_| | '_ \/ _` | \ \ \ \
 \\/  ___)| |_)| | | | | || (_| |  ) ) ) )
  '  |____| .__|_| |_|_| |_\__, | / / / /
 =========|_|==============|___/=/_/_/_/
 :: Spring Boot ::                (v3.2.0)

2026-03-28T13:16:36.079+05:30  INFO 19448 --- [payment-service] [           main] com.oms.payment.App                      : Starting App using Java 17.0.17 with PID 19448 (C:\Users\HP\OneDrive\Desktop\OMS\payment-service\build\classes\java\main started by HP in C:\Users\HP\OneDrive\Desktop\OMS\payment-service)
2026-03-28T13:16:36.081+05:30  INFO 19448 --- [payment-service] [           main] com.oms.payment.App                      : No active profile set, falling back to 1 default profile: "default"
2026-03-28T13:16:37.623+05:30  INFO 19448 --- [payment-service] [           main] o.s.b.w.embedded.tomcat.TomcatWebServer  : Tomcat initialized with port 8082 (http)
2026-03-28T13:16:37.635+05:30  INFO 19448 --- [payment-service] [           main] o.apache.catalina.core.StandardService   : Starting service [Tomcat]
2026-03-28T13:16:37.636+05:30  INFO 19448 --- [payment-service] [           main] o.apache.catalina.core.StandardEngine    : Starting Servlet engine: [Apache Tomcat/10.1.16]
2026-03-28T13:16:37.712+05:30  INFO 19448 --- [payment-service] [           main] o.a.c.c.C.[Tomcat].[localhost].[/]       : Initializing Spring embedded WebApplicationContext
2026-03-28T13:16:37.713+05:30  INFO 19448 --- [payment-service] [           main] w.s.c.ServletWebServerApplicationContext : Root WebApplicationContext: initialization completed in 1558 ms
2026-03-28T13:16:38.453+05:30  WARN 19448 --- [payment-service] [           main] ConfigServletWebServerApplicationContext : Exception encountered during context initialization - cancelling refresh attempt: org.springframework.context.ApplicationContextException: Failed to start bean 'webServerStartStop'
2026-03-28T13:16:38.504+05:30  INFO 19448 --- [payment-service] [           main] .s.b.a.l.ConditionEvaluationReportLogger : 

Error starting ApplicationContext. To display the condition evaluation report re-run your application with 'debug' enabled.
2026-03-28T13:16:38.557+05:30 ERROR 19448 --- [payment-service] [           main] o.s.b.d.LoggingFailureAnalysisReporter   : 

***************************
APPLICATION FAILED TO START
***************************

Description:

Web server failed to start. Port 8082 was already in use.

Action:

Identify and stop the process that's listening on port 8082 or configure this application to listen on another port.


> Task :payment-service:bootRun FAILED
..\gradlew : 
At line:1 char:1
+ ..\gradlew bootRun > payment_run_failed.log 2>&1
+ ~~~~~~~~~~~~~~~~~~~~~~~~~~~~~~~~~~~~~~~~~~~~~~~~
    + CategoryInfo          : NotSpecified: (:String) [ 
   ], RemoteException
    + FullyQualifiedErrorId : NativeCommandError
 
FAILURE: Build failed with an exception.

* What went wrong:
Execution failed for task ':payment-service:bootRun'.
> Process 'command 'C:\Users\HP\.gradle\jdks\eclipse_ado
ptium-17-amd64-windows.2\bin\java.exe'' finished with 
non-zero exit value 1

* Try:
> Run with --stacktrace option to get the stack trace.
> Run with --info or --debug option to get more log 
output.
> Run with --scan to get full insights from a Build 
Scan (powered by Develocity).
> Get more help at https://help.gradle.org.

BUILD FAILED in 6s
6 actionable tasks: 1 executed, 5 up-to-date
Configuration cache entry stored.
